app/build/outputs/logs/manifest-merger-debug-report.txt
-- Merging decision tree log ---
manifest
ADDED from src/main/AndroidManifest.xml:2:1-115:12
	package
		ADDED from src/main/AndroidManifest.xml:4:5-36
		INJECTED from src/main/AndroidManifest.xml
		INJECTED from src/main/AndroidManifest.xml
	android:versionName
		INJECTED from src/main/AndroidManifest.xml
		INJECTED from src/main/AndroidManifest.xml
	xmlns:tools
		ADDED from src/main/AndroidManifest.xml:3:5-51
	xmlns:android
		ADDED from src/main/AndroidManifest.xml:2:11-69
	android:versionCode
		INJECTED from src/main/AndroidManifest.xml
		INJECTED from src/main/AndroidManifest.xml
uses-permission#android.permission.ACCESS_COARSE_LOCATION
ADDED from src/main/AndroidManifest.xml:6:5-97
	android:name
		ADDED from src/main/AndroidManifest.xml:6:22-78
uses-permission#android.permission.ACCESS_FINE_LOCATION
ADDED from src/main/AndroidManifest.xml:8:5-95
	android:name
		ADDED from src/main/AndroidManifest.xml:8:22-76
uses-permission#android.permission.ACCESS_WIFI_STATE
ADDED from src/main/AndroidManifest.xml:10:5-92
	android:name
		ADDED from src/main/AndroidManifest.xml:10:22-73
uses-permission#android.permission.ACCESS_NETWORK_STATE
ADDED from src/main/AndroidManifest.xml:12:5-95
MERGED from [com.google.android.gms:play-services-maps:10.0.1] AndroidManifest.xml:19:5-78
	android:name
		ADDED from src/main/AndroidManifest.xml:12:22-76
uses-permission#android.permission.CHANGE_WIFI_STATE
ADDED from src/main/AndroidManifest.xml:14:5-92
	android:name
		ADDED from src/main/AndroidManifest.xml:14:22-73
uses-permission#android.permission.READ_PHONE_STATE
ADDED from src/main/AndroidManifest.xml:16:5-91
	android:name
		ADDED from src/main/AndroidManifest.xml:16:22-72
uses-permission#android.permission.WRITE_EXTERNAL_STORAGE
ADDED from src/main/AndroidManifest.xml:18:5-97
	android:name
		ADDED from src/main/AndroidManifest.xml:18:22-78
uses-permission#android.permission.INTERNET
ADDED from src/main/AndroidManifest.xml:20:5-67
MERGED from [com.google.android.gms:play-services-maps:10.0.1] AndroidManifest.xml:20:5-66
	android:name
		ADDED from src/main/AndroidManifest.xml:20:22-64
uses-permission#android.permission.MOUNT_UNMOUNT_FILESYSTEMS
ADDED from src/main/AndroidManifest.xml:22:5-100
	android:name
		ADDED from src/main/AndroidManifest.xml:22:22-81
application
ADDED from src/main/AndroidManifest.xml:24:5-113:19
MERGED from [com.android.support:design:25.1.0] AndroidManifest.xml:25:5-20
MERGED from [com.android.support:support-v4:25.1.0] AndroidManifest.xml:25:5-20
MERGED from [com.android.support:support-compat:25.1.0] AndroidManifest.xml:25:5-20
MERGED from [com.android.support:support-media-compat:25.1.0] AndroidManifest.xml:25:5-20
MERGED from [com.android.support:support-core-utils:25.1.0] AndroidManifest.xml:25:5-20
MERGED from [com.android.support:support-core-ui:25.1.0] AndroidManifest.xml:25:5-20
MERGED from [com.android.support:support-fragment:25.1.0] AndroidManifest.xml:25:5-20
MERGED from [com.android.support:appcompat-v7:25.1.0] AndroidManifest.xml:25:5-20
MERGED from [com.android.support:support-vector-drawable:25.1.0] AndroidManifest.xml:23:5-20
MERGED from [com.android.support:animated-vector-drawable:25.1.0] AndroidManifest.xml:22:5-20
MERGED from [com.android.support:transition:25.1.0] AndroidManifest.xml:22:5-20
MERGED from [com.github.clans:fab:1.6.4] AndroidManifest.xml:12:5-20
MERGED from [com.google.android.gms:play-services-maps:10.0.1] AndroidManifest.xml:24:5-19
MERGED from [com.google.android.gms:play-services-base:10.0.1] AndroidManifest.xml:18:5-20:19
MERGED from [com.google.android.gms:play-services-basement:10.0.1] AndroidManifest.xml:19:5-21:19
MERGED from [com.google.android.gms:play-services-tasks:10.0.1] AndroidManifest.xml:4:5-19
MERGED from [com.hjm:BottomTabBar:1.1.0] AndroidManifest.xml:11:5-15:19
	android:label
		ADDED from src/main/AndroidManifest.xml:28:9-29
		REJECTED from [com.hjm:BottomTabBar:1.1.0] AndroidManifest.xml:13:9-41
	android:supportsRtl
		ADDED from src/main/AndroidManifest.xml:30:9-35
	android:allowBackup
		ADDED from src/main/AndroidManifest.xml:26:9-35
	android:icon
		ADDED from src/main/AndroidManifest.xml:27:9-40
	android:theme
		ADDED from src/main/AndroidManifest.xml:31:9-40
	android:logo
		ADDED from src/main/AndroidManifest.xml:29:9-40
	tools:replace
		ADDED from src/main/AndroidManifest.xml:32:9-67
	android:name
		ADDED from src/main/AndroidManifest.xml:25:9-29
meta-data#com.amap.api.v2.apikey
ADDED from src/main/AndroidManifest.xml:34:9-36:64
	android:value
		ADDED from src/main/AndroidManifest.xml:36:13-61
	android:name
		ADDED from src/main/AndroidManifest.xml:35:13-50
activity#com.example.pro.test1.login
ADDED from src/main/AndroidManifest.xml:37:9-46:20
	android:label
		ADDED from src/main/AndroidManifest.xml:38:13-41
	android:logo
		ADDED from src/main/AndroidManifest.xml:39:13-47
	android:name
		ADDED from src/main/AndroidManifest.xml:37:19-40
intent-filter#android.intent.action.MAIN+android.intent.category.LAUNCHER
ADDED from src/main/AndroidManifest.xml:41:13-45:29
action#android.intent.action.MAIN
ADDED from src/main/AndroidManifest.xml:42:17-69
	android:name
		ADDED from src/main/AndroidManifest.xml:42:25-66
category#android.intent.category.LAUNCHER
ADDED from src/main/AndroidManifest.xml:44:17-77
	android:name
		ADDED from src/main/AndroidManifest.xml:44:27-74
activity#com.example.pro.test1.placedetail
ADDED from src/main/AndroidManifest.xml:47:9-55:20
	android:name
		ADDED from src/main/AndroidManifest.xml:48:13-40
intent-filter#android.intent.action.SEND+android.intent.category.DEFAULT
ADDED from src/main/AndroidManifest.xml:49:13-54:29
action#android.intent.action.SEND
ADDED from src/main/AndroidManifest.xml:50:17-69
	android:name
		ADDED from src/main/AndroidManifest.xml:50:25-66
category#android.intent.category.DEFAULT
ADDED from src/main/AndroidManifest.xml:51:17-76
	android:name
		ADDED from src/main/AndroidManifest.xml:51:27-73
data
ADDED from src/main/AndroidManifest.xml:53:17-55
	android:mimeType
		ADDED from src/main/AndroidManifest.xml:53:23-52
activity#com.example.pro.test1.postdetail
ADDED from src/main/AndroidManifest.xml:56:9-64:20
	android:name
		ADDED from src/main/AndroidManifest.xml:57:13-39
activity#com.example.pro.test1.Userdetail
ADDED from src/main/AndroidManifest.xml:65:9-73:20
	android:name
		ADDED from src/main/AndroidManifest.xml:66:13-39
activity#com.example.pro.test1.MainActivity
ADDED from src/main/AndroidManifest.xml:74:9-81:20
	android:name
		ADDED from src/main/AndroidManifest.xml:74:19-47
activity#com.example.pro.test1.signup
ADDED from src/main/AndroidManifest.xml:82:9-89:20
	android:name
		ADDED from src/main/AndroidManifest.xml:82:19-41
meta-data#EASEMOB_APPKEY
ADDED from src/main/AndroidManifest.xml:92:9-94:54
	android:value
		ADDED from src/main/AndroidManifest.xml:94:13-52
	android:name
		ADDED from src/main/AndroidManifest.xml:93:13-42
service#com.hyphenate.chat.EMChatService
ADDED from src/main/AndroidManifest.xml:96:9-98:38
	android:exported
		ADDED from src/main/AndroidManifest.xml:98:13-36
	android:name
		ADDED from src/main/AndroidManifest.xml:97:13-60
receiver#com.hyphenate.chat.EMMonitorReceiver
ADDED from src/main/AndroidManifest.xml:100:9-110:20
	android:name
		ADDED from src/main/AndroidManifest.xml:100:19-70
intent-filter#android.intent.action.PACKAGE_REMOVED
ADDED from src/main/AndroidManifest.xml:101:13-104:29
action#android.intent.action.PACKAGE_REMOVED
ADDED from src/main/AndroidManifest.xml:102:17-79
	android:name
		ADDED from src/main/AndroidManifest.xml:102:25-77
intent-filter#android.intent.action.BOOT_COMPLETED+android.intent.action.USER_PRESENT
ADDED from src/main/AndroidManifest.xml:106:13-109:29
action#android.intent.action.BOOT_COMPLETED
ADDED from src/main/AndroidManifest.xml:107:17-78
	android:name
		ADDED from src/main/AndroidManifest.xml:107:25-76
action#android.intent.action.USER_PRESENT
ADDED from src/main/AndroidManifest.xml:108:17-76
	android:name
		ADDED from src/main/AndroidManifest.xml:108:25-74
uses-sdk
INJECTED from src/main/AndroidManifest.xml reason: use-sdk injection requested
MERGED from [com.android.support:design:25.1.0] AndroidManifest.xml:21:5-23:62
MERGED from [com.android.support:support-v4:25.1.0] AndroidManifest.xml:21:5-23:54
MERGED from [com.android.support:support-compat:25.1.0] AndroidManifest.xml:21:5-23:58
MERGED from [com.android.support:support-media-compat:25.1.0] AndroidManifest.xml:21:5-23:63
MERGED from [com.android.support:support-core-utils:25.1.0] AndroidManifest.xml:21:5-23:61
MERGED from [com.android.support:support-core-ui:25.1.0] AndroidManifest.xml:21:5-23:58
MERGED from [com.android.support:support-fragment:25.1.0] AndroidManifest.xml:21:5-23:60
MERGED from [com.android.support:appcompat-v7:25.1.0] AndroidManifest.xml:21:5-23:78
MERGED from [com.android.support:support-vector-drawable:25.1.0] AndroidManifest.xml:21:5-43
MERGED from [com.android.support:animated-vector-drawable:25.1.0] AndroidManifest.xml:20:5-44
MERGED from [com.android.support:recyclerview-v7:25.1.0] AndroidManifest.xml:20:5-43
MERGED from [com.android.support:transition:25.1.0] AndroidManifest.xml:20:5-44
MERGED from [com.github.clans:fab:1.6.4] AndroidManifest.xml:8:5-10:41
MERGED from [com.google.android.gms:play-services-maps:10.0.1] AndroidManifest.xml:23:5-42
MERGED from [com.google.android.gms:play-services-base:10.0.1] AndroidManifest.xml:17:5-42
MERGED from [com.google.android.gms:play-services-basement:10.0.1] AndroidManifest.xml:17:5-42
MERGED from [com.google.android.gms:play-services-tasks:10.0.1] AndroidManifest.xml:3:5-42
MERGED from [com.hjm:BottomTabBar:1.1.0] AndroidManifest.xml:7:5-9:41
MERGED from [com.jpeng:JPTabBar:1.1.2] AndroidManifest.xml:8:5-10:41
	tools:overrideLibrary
		ADDED from [com.android.support:design:25.1.0] AndroidManifest.xml:23:9-59
	android:targetSdkVersion
		INJECTED from src/main/AndroidManifest.xml
		INJECTED from src/main/AndroidManifest.xml
	android:minSdkVersion
		INJECTED from src/main/AndroidManifest.xml
		INJECTED from src/main/AndroidManifest.xml
uses-feature#0x00020000
ADDED from [com.google.android.gms:play-services-maps:10.0.1] AndroidManifest.xml:21:5-77
	android:glEsVersion
		ADDED from [com.google.android.gms:play-services-maps:10.0.1] AndroidManifest.xml:21:19-51
	android:required
		ADDED from [com.google.android.gms:play-services-maps:10.0.1] AndroidManifest.xml:21:52-75
activity#com.google.android.gms.common.api.GoogleApiActivity
ADDED from [com.google.android.gms:play-services-base:10.0.1] AndroidManifest.xml:19:9-172
	android:exported
		ADDED from [com.google.android.gms:play-services-base:10.0.1] AndroidManifest.xml:19:146-170
	android:theme
		ADDED from [com.google.android.gms:play-services-base:10.0.1] AndroidManifest.xml:19:86-145
	android:name
		ADDED from [com.google.android.gms:play-services-base:10.0.1] AndroidManifest.xml:19:19-85
meta-data#com.google.android.gms.version
ADDED from [com.google.android.gms:play-services-basement:10.0.1] AndroidManifest.xml:20:9-121
	android:value
		ADDED from [com.google.android.gms:play-services-basement:10.0.1] AndroidManifest.xml:20:66-119
	android:name
		ADDED from [com.google.android.gms:play-services-basement:10.0.1] AndroidManifest.xml:20:20-65